TN:
SF:src\app.js
FN:45,(anonymous_0)
FN:52,(anonymous_1)
FN:56,(anonymous_2)
FN:60,(anonymous_3)
FN:63,(anonymous_4)
FN:70,(anonymous_5)
FNF:6
FNH:0
FNDA:0,(anonymous_0)
FNDA:0,(anonymous_1)
FNDA:0,(anonymous_2)
FNDA:0,(anonymous_3)
FNDA:0,(anonymous_4)
FNDA:0,(anonymous_5)
DA:1,8
DA:2,8
DA:3,8
DA:4,8
DA:6,8
DA:9,8
DA:10,8
DA:11,8
DA:12,8
DA:13,8
DA:14,8
DA:15,8
DA:16,8
DA:17,8
DA:18,8
DA:20,8
DA:21,8
DA:23,8
DA:28,8
DA:31,8
DA:34,8
DA:35,8
DA:36,8
DA:37,8
DA:38,8
DA:39,8
DA:40,8
DA:41,8
DA:42,8
DA:45,8
DA:46,0
DA:50,8
DA:51,0
DA:53,0
DA:54,0
DA:57,0
DA:58,0
DA:61,0
DA:64,0
DA:69,8
DA:70,0
DA:71,0
DA:75,8
LF:43
LH:33
BRDA:21,0,0,8
BRDA:21,0,1,8
BRDA:50,1,0,0
BRDA:50,1,1,8
BRDA:69,2,0,0
BRDA:69,2,1,8
BRF:6
BRH:4
end_of_record
TN:
SF:src\config\database.js
FNF:0
FNH:0
DA:1,9
DA:2,9
DA:4,9
DA:16,9
LF:4
LH:4
BRF:0
BRH:0
end_of_record
TN:
SF:src\middleware\authMiddleware.js
FN:4,authMiddleware
FNF:1
FNH:1
FNDA:3,authMiddleware
DA:1,8
DA:2,8
DA:5,3
DA:7,3
DA:8,3
DA:11,0
DA:13,0
DA:14,0
DA:15,0
DA:16,0
DA:18,0
DA:22,8
LF:12
LH:6
BRDA:7,0,0,3
BRDA:7,0,1,0
BRDA:7,1,0,3
BRDA:7,1,1,0
BRF:4
BRH:2
end_of_record
TN:
SF:src\middleware\checkIsRoot.js
FN:1,checkIsRoot
FNF:1
FNH:0
FNDA:0,checkIsRoot
DA:2,0
DA:3,0
DA:6,0
DA:9,8
LF:4
LH:1
BRDA:2,0,0,0
BRDA:2,0,1,0
BRF:2
BRH:0
end_of_record
TN:
SF:src\models\Battle.js
FNF:0
FNH:0
DA:1,9
DA:2,9
DA:3,9
DA:5,9
DA:16,9
LF:5
LH:5
BRF:0
BRH:0
end_of_record
TN:
SF:src\models\BattleRound.js
FNF:0
FNH:0
DA:1,9
DA:2,9
DA:3,9
DA:4,9
DA:6,9
DA:20,9
DA:21,9
DA:22,9
DA:23,9
DA:25,9
LF:10
LH:10
BRF:0
BRH:0
end_of_record
TN:
SF:src\models\Pokemon.js
FNF:0
FNH:0
DA:1,9
DA:2,9
DA:4,9
DA:27,9
LF:4
LH:4
BRF:0
BRH:0
end_of_record
TN:
SF:src\models\Team.js
FNF:0
FNH:0
DA:1,9
DA:2,9
DA:3,9
DA:5,9
DA:16,9
LF:5
LH:5
BRF:0
BRH:0
end_of_record
TN:
SF:src\models\TeamPokemon.js
FNF:0
FNH:0
DA:1,9
DA:2,9
DA:3,9
DA:4,9
DA:6,9
DA:16,9
DA:23,9
DA:30,9
LF:8
LH:8
BRF:0
BRH:0
end_of_record
TN:
SF:src\models\TeamPokemonStatus.js
FNF:0
FNH:0
DA:1,9
DA:2,9
DA:3,9
DA:4,9
DA:5,9
DA:7,9
DA:24,9
DA:25,9
DA:26,9
DA:28,9
LF:10
LH:10
BRF:0
BRH:0
end_of_record
TN:
SF:src\models\Type.js
FNF:0
FNH:0
DA:1,9
DA:2,9
DA:4,9
DA:15,9
LF:4
LH:4
BRF:0
BRH:0
end_of_record
TN:
SF:src\models\TypeEffectiveness.js
FNF:0
FNH:0
DA:1,9
DA:2,9
DA:4,9
DA:23,9
LF:4
LH:4
BRF:0
BRH:0
end_of_record
TN:
SF:src\models\User.js
FNF:0
FNH:0
DA:1,9
DA:2,9
DA:4,9
DA:35,9
LF:4
LH:4
BRF:0
BRH:0
end_of_record
TN:
SF:src\models\index.js
FNF:0
FNH:0
DA:1,9
DA:3,9
DA:4,9
DA:5,9
DA:6,9
DA:7,9
DA:8,9
DA:9,9
DA:10,9
DA:11,9
DA:14,9
DA:15,9
DA:17,9
DA:23,9
DA:31,9
DA:37,9
DA:44,9
DA:46,9
DA:50,9
DA:56,9
DA:57,9
DA:58,9
DA:61,9
DA:62,9
DA:64,9
LF:25
LH:25
BRF:0
BRH:0
end_of_record
TN:
SF:src\routes\admin.js
FN:11,(anonymous_0)
FN:23,(anonymous_1)
FN:45,(anonymous_2)
FN:78,(anonymous_3)
FN:102,(anonymous_4)
FNF:5
FNH:0
FNDA:0,(anonymous_0)
FNDA:0,(anonymous_1)
FNDA:0,(anonymous_2)
FNDA:0,(anonymous_3)
FNDA:0,(anonymous_4)
DA:1,8
DA:2,8
DA:3,8
DA:4,8
DA:5,8
DA:6,8
DA:7,8
DA:8,8
DA:9,8
DA:11,8
DA:12,0
DA:13,0
DA:16,0
DA:18,0
DA:23,8
DA:24,0
DA:26,0
DA:27,0
DA:29,0
DA:30,0
DA:33,0
DA:34,0
DA:37,0
DA:38,0
DA:40,0
DA:45,8
DA:46,0
DA:47,0
DA:49,0
DA:50,0
DA:52,0
DA:53,0
DA:56,0
DA:57,0
DA:60,0
DA:61,0
DA:62,0
DA:64,0
DA:65,0
DA:66,0
DA:69,0
DA:71,0
DA:73,0
DA:78,8
DA:79,0
DA:80,0
DA:96,0
DA:98,0
DA:102,8
DA:103,0
DA:104,0
DA:113,0
DA:115,0
DA:122,8
LF:54
LH:15
BRDA:29,0,0,0
BRDA:29,0,1,0
BRDA:33,1,0,0
BRDA:33,1,1,0
BRDA:52,2,0,0
BRDA:52,2,1,0
BRDA:56,3,0,0
BRDA:56,3,1,0
BRDA:56,4,0,0
BRDA:56,4,1,0
BRDA:60,5,0,0
BRDA:60,5,1,0
BRDA:61,6,0,0
BRDA:61,6,1,0
BRDA:62,7,0,0
BRDA:62,7,1,0
BRDA:64,8,0,0
BRDA:64,8,1,0
BRF:18
BRH:0
end_of_record
TN:
SF:src\routes\auth.js
FN:9,(anonymous_0)
FN:28,(anonymous_1)
FNF:2
FNH:1
FNDA:0,(anonymous_0)
FNDA:1,(anonymous_1)
DA:1,8
DA:2,8
DA:3,8
DA:4,8
DA:6,8
DA:9,8
DA:10,0
DA:12,0
DA:13,0
DA:14,0
DA:15,0
DA:18,0
DA:19,0
DA:21,0
DA:23,0
DA:28,8
DA:29,1
DA:31,1
DA:32,1
DA:34,0
DA:35,0
DA:38,0
DA:39,0
DA:40,0
DA:43,0
DA:53,0
DA:55,1
DA:59,8
LF:28
LH:12
BRDA:14,0,0,0
BRDA:14,0,1,0
BRDA:34,1,0,0
BRDA:34,1,1,0
BRDA:39,2,0,0
BRDA:39,2,1,0
BRF:6
BRH:0
end_of_record
TN:
SF:src\routes\battles.js
FN:14,(anonymous_0)
FN:40,(anonymous_1)
FN:58,(anonymous_2)
FN:69,(anonymous_3)
FN:89,(anonymous_4)
FN:137,(anonymous_5)
FN:144,(anonymous_6)
FN:168,(anonymous_7)
FN:216,(anonymous_8)
FN:223,(anonymous_9)
FN:238,determineRoundWinner
FN:267,determineWinningTeamId
FN:277,checkBattleOver
FN:283,(anonymous_13)
FN:284,(anonymous_14)
FNF:15
FNH:0
FNDA:0,(anonymous_0)
FNDA:0,(anonymous_1)
FNDA:0,(anonymous_2)
FNDA:0,(anonymous_3)
FNDA:0,(anonymous_4)
FNDA:0,(anonymous_5)
FNDA:0,(anonymous_6)
FNDA:0,(anonymous_7)
FNDA:0,(anonymous_8)
FNDA:0,(anonymous_9)
FNDA:0,determineRoundWinner
FNDA:0,determineWinningTeamId
FNDA:0,checkBattleOver
FNDA:0,(anonymous_13)
FNDA:0,(anonymous_14)
DA:1,8
DA:2,8
DA:3,8
DA:4,8
DA:5,8
DA:6,8
DA:7,8
DA:8,8
DA:9,8
DA:10,8
DA:11,8
DA:14,8
DA:15,0
DA:17,0
DA:18,0
DA:20,0
DA:21,0
DA:24,0
DA:25,0
DA:26,0
DA:29,0
DA:40,0
DA:42,0
DA:43,0
DA:46,0
DA:54,0
DA:56,0
DA:58,0
DA:59,0
DA:69,0
DA:70,0
DA:80,0
DA:82,0
DA:84,0
DA:89,8
DA:90,0
DA:91,0
DA:93,0
DA:94,0
DA:95,0
DA:96,0
DA:99,0
DA:100,0
DA:102,0
DA:103,0
DA:106,0
DA:108,0
DA:112,0
DA:114,0
DA:116,0
DA:126,0
DA:127,0
DA:130,0
DA:132,0
DA:137,8
DA:138,0
DA:139,0
DA:144,0
DA:146,0
DA:161,0
DA:163,0
DA:168,8
DA:169,0
DA:171,0
DA:172,0
DA:180,0
DA:181,0
DA:184,0
DA:194,0
DA:200,0
DA:216,0
DA:223,0
DA:233,0
DA:242,0
DA:243,0
DA:244,0
DA:245,0
DA:246,0
DA:247,0
DA:248,0
DA:250,0
DA:251,0
DA:254,0
DA:264,0
DA:268,0
DA:274,0
DA:278,0
DA:280,0
DA:281,0
DA:283,0
DA:284,0
DA:286,0
DA:289,8
LF:93
LH:16
BRDA:20,0,0,0
BRDA:20,0,1,0
BRDA:20,1,0,0
BRDA:20,1,1,0
BRDA:25,2,0,0
BRDA:25,2,1,0
BRDA:42,3,0,0
BRDA:42,3,1,0
BRDA:95,4,0,0
BRDA:95,4,1,0
BRDA:95,5,0,0
BRDA:95,5,1,0
BRDA:102,6,0,0
BRDA:102,6,1,0
BRDA:102,7,0,0
BRDA:102,7,1,0
BRDA:112,8,0,0
BRDA:112,8,1,0
BRDA:126,9,0,0
BRDA:126,9,1,0
BRDA:180,10,0,0
BRDA:180,10,1,0
BRDA:242,11,0,0
BRDA:242,11,1,0
BRDA:244,12,0,0
BRDA:244,12,1,0
BRDA:245,13,0,0
BRDA:245,13,1,0
BRDA:246,14,0,0
BRDA:246,14,1,0
BRDA:274,15,0,0
BRDA:274,15,1,0
BRDA:286,16,0,0
BRDA:286,16,1,0
BRF:34
BRH:0
end_of_record
TN:
SF:src\routes\effectiveness.js
FN:9,(anonymous_0)
FN:25,(anonymous_1)
FN:45,(anonymous_2)
FN:67,(anonymous_3)
FNF:4
FNH:1
FNDA:1,(anonymous_0)
FNDA:0,(anonymous_1)
FNDA:0,(anonymous_2)
FNDA:0,(anonymous_3)
DA:1,8
DA:2,8
DA:3,8
DA:4,8
DA:5,8
DA:6,8
DA:9,8
DA:10,1
DA:11,1
DA:18,1
DA:20,0
DA:25,8
DA:26,0
DA:28,0
DA:29,0
DA:33,0
DA:34,0
DA:37,0
DA:38,0
DA:40,0
DA:45,8
DA:46,0
DA:48,0
DA:49,0
DA:53,0
DA:54,0
DA:57,0
DA:58,0
DA:60,0
DA:62,0
DA:67,8
DA:68,0
DA:70,0
DA:71,0
DA:75,0
DA:76,0
DA:79,0
DA:80,0
DA:82,0
DA:86,8
LF:40
LH:14
BRDA:33,0,0,0
BRDA:33,0,1,0
BRDA:53,1,0,0
BRDA:53,1,1,0
BRDA:75,2,0,0
BRDA:75,2,1,0
BRF:6
BRH:0
end_of_record
TN:
SF:src\routes\pokemonTypes.js
FN:9,(anonymous_0)
FN:29,(anonymous_1)
FN:49,(anonymous_2)
FNF:3
FNH:0
FNDA:0,(anonymous_0)
FNDA:0,(anonymous_1)
FNDA:0,(anonymous_2)
DA:1,8
DA:2,8
DA:3,8
DA:4,8
DA:5,8
DA:6,8
DA:9,8
DA:10,0
DA:12,0
DA:13,0
DA:16,0
DA:17,0
DA:18,0
DA:20,0
DA:22,0
DA:24,0
DA:29,8
DA:30,0
DA:31,0
DA:38,0
DA:39,0
DA:42,0
DA:44,0
DA:49,8
DA:50,0
DA:52,0
DA:53,0
DA:54,0
DA:56,0
DA:58,0
DA:60,0
DA:64,8
LF:32
LH:10
BRDA:12,0,0,0
BRDA:12,0,1,0
BRDA:12,1,0,0
BRDA:12,1,1,0
BRDA:12,1,2,0
BRDA:18,2,0,0
BRDA:18,2,1,0
BRDA:38,3,0,0
BRDA:38,3,1,0
BRDA:54,4,0,0
BRDA:54,4,1,0
BRF:11
BRH:0
end_of_record
TN:
SF:src\routes\pokemons.js
FN:8,(anonymous_0)
FN:18,(anonymous_1)
FN:31,(anonymous_2)
FN:41,(anonymous_3)
FN:55,(anonymous_4)
FNF:5
FNH:1
FNDA:1,(anonymous_0)
FNDA:0,(anonymous_1)
FNDA:0,(anonymous_2)
FNDA:0,(anonymous_3)
FNDA:0,(anonymous_4)
DA:1,8
DA:2,8
DA:3,8
DA:4,8
DA:5,8
DA:8,8
DA:9,1
DA:10,1
DA:11,1
DA:13,0
DA:18,8
DA:19,0
DA:20,0
DA:21,0
DA:22,0
DA:24,0
DA:26,0
DA:31,8
DA:32,0
DA:33,0
DA:34,0
DA:36,0
DA:41,8
DA:42,0
DA:43,0
DA:44,0
DA:45,0
DA:48,0
DA:49,0
DA:51,0
DA:55,8
DA:56,0
DA:57,0
DA:58,0
DA:59,0
DA:62,0
DA:63,0
DA:65,0
DA:69,8
LF:39
LH:14
BRDA:21,0,0,0
BRDA:21,0,1,0
BRDA:44,1,0,0
BRDA:44,1,1,0
BRDA:58,2,0,0
BRDA:58,2,1,0
BRF:6
BRH:0
end_of_record
TN:
SF:src\routes\stats.js
FN:12,(anonymous_0)
FN:22,(anonymous_1)
FN:32,(anonymous_2)
FN:55,(anonymous_3)
FN:59,(anonymous_4)
FN:61,(anonymous_5)
FN:67,(anonymous_6)
FN:82,(anonymous_7)
FN:94,getUserStats
FN:96,(anonymous_9)
FN:117,(anonymous_10)
FNF:11
FNH:6
FNDA:0,(anonymous_0)
FNDA:0,(anonymous_1)
FNDA:1,(anonymous_2)
FNDA:6,(anonymous_3)
FNDA:12,(anonymous_4)
FNDA:48,(anonymous_5)
FNDA:48,(anonymous_6)
FNDA:10,(anonymous_7)
FNDA:0,getUserStats
FNDA:0,(anonymous_9)
FNDA:0,(anonymous_10)
DA:1,8
DA:2,8
DA:3,8
DA:4,8
DA:5,8
DA:7,8
DA:8,8
DA:9,8
DA:12,8
DA:13,0
DA:14,0
DA:15,0
DA:17,0
DA:22,8
DA:23,0
DA:24,0
DA:25,0
DA:27,0
DA:32,8
DA:33,1
DA:34,1
DA:55,1
DA:56,6
DA:57,6
DA:59,6
DA:61,12
DA:62,48
DA:63,48
DA:67,12
DA:68,48
DA:69,48
DA:73,6
DA:82,1
DA:83,10
DA:84,5
DA:87,1
DA:89,0
DA:95,0
DA:96,0
DA:98,0
DA:99,0
DA:107,0
DA:116,0
DA:117,0
DA:118,0
DA:120,0
DA:128,8
LF:47
LH:29
BRDA:63,0,0,26
BRDA:63,0,1,22
BRDA:69,1,0,1
BRDA:69,1,1,47
BRDA:83,2,0,5
BRDA:83,2,1,5
BRDA:98,3,0,0
BRDA:98,3,1,0
BRF:8
BRH:6
end_of_record
TN:
SF:src\routes\teamPokemons.js
FN:9,(anonymous_0)
FN:28,(anonymous_1)
FN:43,(anonymous_2)
FN:62,(anonymous_3)
FNF:4
FNH:0
FNDA:0,(anonymous_0)
FNDA:0,(anonymous_1)
FNDA:0,(anonymous_2)
FNDA:0,(anonymous_3)
DA:1,8
DA:2,8
DA:3,8
DA:4,8
DA:5,8
DA:6,8
DA:9,8
DA:10,0
DA:11,0
DA:13,0
DA:14,0
DA:17,0
DA:18,0
DA:20,0
DA:21,0
DA:25,0
DA:28,0
DA:34,0
DA:36,0
DA:38,0
DA:43,8
DA:44,0
DA:46,0
DA:47,0
DA:49,0
DA:50,0
DA:53,0
DA:62,0
DA:64,0
DA:66,0
DA:70,8
LF:31
LH:9
BRDA:13,0,0,0
BRDA:13,0,1,0
BRDA:13,1,0,0
BRDA:13,1,1,0
BRDA:20,2,0,0
BRDA:20,2,1,0
BRDA:49,3,0,0
BRDA:49,3,1,0
BRF:8
BRH:0
end_of_record
TN:
SF:src\routes\teams.js
FN:9,(anonymous_0)
FN:28,(anonymous_1)
FN:47,(anonymous_2)
FN:69,(anonymous_3)
FN:94,(anonymous_4)
FNF:5
FNH:0
FNDA:0,(anonymous_0)
FNDA:0,(anonymous_1)
FNDA:0,(anonymous_2)
FNDA:0,(anonymous_3)
FNDA:0,(anonymous_4)
DA:1,8
DA:2,8
DA:3,8
DA:4,8
DA:5,8
DA:6,8
DA:9,8
DA:10,0
DA:12,0
DA:13,0
DA:18,0
DA:23,0
DA:28,8
DA:29,0
DA:31,0
DA:37,0
DA:38,0
DA:41,0
DA:43,0
DA:47,8
DA:48,0
DA:50,0
DA:51,0
DA:53,0
DA:54,0
DA:58,0
DA:61,0
DA:63,0
DA:65,0
DA:69,8
DA:70,0
DA:71,0
DA:73,0
DA:74,0
DA:76,0
DA:77,0
DA:81,0
DA:82,0
DA:83,0
DA:87,0
DA:88,0
DA:89,0
DA:92,0
DA:94,0
DA:100,0
DA:103,0
DA:105,0
DA:109,8
LF:48
LH:11
BRDA:37,0,0,0
BRDA:37,0,1,0
BRDA:37,1,0,0
BRDA:37,1,1,0
BRDA:53,2,0,0
BRDA:53,2,1,0
BRDA:76,3,0,0
BRDA:76,3,1,0
BRDA:81,4,0,0
BRDA:81,4,1,0
BRDA:87,5,0,0
BRDA:87,5,1,0
BRDA:88,6,0,0
BRDA:88,6,1,0
BRF:14
BRH:0
end_of_record
TN:
SF:src\routes\types.js
FN:8,(anonymous_0)
FN:18,(anonymous_1)
FN:31,(anonymous_2)
FN:41,(anonymous_3)
FN:56,(anonymous_4)
FNF:5
FNH:1
FNDA:1,(anonymous_0)
FNDA:0,(anonymous_1)
FNDA:0,(anonymous_2)
FNDA:0,(anonymous_3)
FNDA:0,(anonymous_4)
DA:1,8
DA:2,8
DA:3,8
DA:4,8
DA:5,8
DA:8,8
DA:9,1
DA:10,1
DA:11,1
DA:13,0
DA:18,8
DA:19,0
DA:20,0
DA:21,0
DA:22,0
DA:24,0
DA:26,0
DA:31,8
DA:32,0
DA:33,0
DA:34,0
DA:36,0
DA:41,8
DA:42,0
DA:43,0
DA:44,0
DA:45,0
DA:48,0
DA:49,0
DA:51,0
DA:56,8
DA:57,0
DA:58,0
DA:59,0
DA:60,0
DA:63,0
DA:64,0
DA:66,0
DA:70,8
LF:39
LH:14
BRDA:21,0,0,0
BRDA:21,0,1,0
BRDA:44,1,0,0
BRDA:44,1,1,0
BRDA:59,2,0,0
BRDA:59,2,1,0
BRF:6
BRH:0
end_of_record
TN:
SF:src\utils\createRootUser.js
FN:4,createRootUser
FNF:1
FNH:0
FNDA:0,createRootUser
DA:1,8
DA:2,8
DA:5,0
DA:7,0
DA:8,0
DA:10,0
DA:17,0
DA:19,0
DA:23,8
LF:9
LH:3
BRDA:7,0,0,0
BRDA:7,0,1,0
BRF:2
BRH:0
end_of_record
